# JRE version: Java(TM) SE Runtime Environment (16.0.1+9) (build 16.0.1+9-24)
# Java VM: Java HotSpot(TM) 64-Bit Server VM (16.0.1+9-24, mixed mode, sharing, tiered, compressed oops, compressed class ptrs, g1 gc, windows-amd64)
GC Precious Log:
 CPUs: 4 total, 4 available
 Memory: 3982M
 Large Page Support: Disabled
 NUMA Support: Disabled
 Compressed Oops: Enabled (32-bit)
 Heap Region Size: 1M
 Heap Min Capacity: 8M
 Heap Initial Capacity: 64M
 Heap Max Capacity: 996M
 Pre-touch: Disabled
 Parallel Workers: 4
 Concurrent Workers: 1
 Concurrent Refinement Workers: 4
 Periodic GC: Disabled
Heap:
 garbage-first heap   total 106496K, used 56320K [0x00000000c1c00000, 0x0000000100000000)
  region size 1024K, 3 young (3072K), 3 survivors (3072K)
 Metaspace       used 62615K, committed 63040K, reserved 1105920K
  class space    used 8489K, committed 8704K, reserved 1048576K
GC Heap History (20 events):
Event: 42.267 GC heap after
{Heap after GC invocations=23 (full 0):
 garbage-first heap   total 66560K, used 33974K [0x00000000c1c00000, 0x0000000100000000)
  region size 1024K, 3 young (3072K), 3 survivors (3072K)
 Metaspace       used 60071K, committed 60480K, reserved 1105920K
  class space    used 8199K, committed 8384K, reserved 1048576K
}
Event: 43.332 GC heap before
{Heap before GC invocations=23 (full 0):
 garbage-first heap   total 66560K, used 53430K [0x00000000c1c00000, 0x0000000100000000)
  region size 1024K, 22 young (22528K), 3 survivors (3072K)
 Metaspace       used 61612K, committed 62080K, reserved 1105920K
  class space    used 8380K, committed 8576K, reserved 1048576K
}
Event: 43.342 GC heap after
{Heap after GC invocations=24 (full 0):
 garbage-first heap   total 66560K, used 35430K [0x00000000c1c00000, 0x0000000100000000)
  region size 1024K, 2 young (2048K), 2 survivors (2048K)
 Metaspace       used 61612K, committed 62080K, reserved 1105920K
  class space    used 8380K, committed 8576K, reserved 1048576K
}
Event: 44.066 GC heap before
{Heap before GC invocations=25 (full 0):
 garbage-first heap   total 66560K, used 47718K [0x00000000c1c00000, 0x0000000100000000)
  region size 1024K, 15 young (15360K), 2 survivors (2048K)
 Metaspace       used 62286K, committed 62720K, reserved 1105920K
  class space    used 8478K, committed 8704K, reserved 1048576K
}
Event: 44.075 GC heap after
{Heap after GC invocations=26 (full 0):
 garbage-first heap   total 66560K, used 37196K [0x00000000c1c00000, 0x0000000100000000)
  region size 1024K, 3 young (3072K), 3 survivors (3072K)
 Metaspace       used 62286K, committed 62720K, reserved 1105920K
  class space    used 8478K, committed 8704K, reserved 1048576K
}
Event: 44.571 GC heap before
{Heap before GC invocations=27 (full 0):
 garbage-first heap   total 75776K, used 52556K [0x00000000c1c00000, 0x0000000100000000)
  region size 1024K, 18 young (18432K), 3 survivors (3072K)
 Metaspace       used 62330K, committed 62784K, reserved 1105920K
  class space    used 8478K, committed 8704K, reserved 1048576K
}
Event: 44.582 GC heap after
{Heap after GC invocations=28 (full 0):
 garbage-first heap   total 75776K, used 40564K [0x00000000c1c00000, 0x0000000100000000)
  region size 1024K, 3 young (3072K), 3 survivors (3072K)
 Metaspace       used 62330K, committed 62784K, reserved 1105920K
  class space    used 8478K, committed 8704K, reserved 1048576K
}
Event: 44.949 GC heap before
{Heap before GC invocations=28 (full 0):
 garbage-first heap   total 75776K, used 57972K [0x00000000c1c00000, 0x0000000100000000)
  region size 1024K, 21 young (21504K), 3 survivors (3072K)
 Metaspace       used 62404K, committed 62848K, reserved 1105920K
  class space    used 8480K, committed 8704K, reserved 1048576K
}
Event: 44.963 GC heap after
{Heap after GC invocations=29 (full 0):
 garbage-first heap   total 75776K, used 45297K [0x00000000c1c00000, 0x0000000100000000)
  region size 1024K, 3 young (3072K), 3 survivors (3072K)
 Metaspace       used 62404K, committed 62848K, reserved 1105920K
  class space    used 8480K, committed 8704K, reserved 1048576K
}
Event: 45.527 GC heap before
{Heap before GC invocations=30 (full 0):
 garbage-first heap   total 87040K, used 56561K [0x00000000c1c00000, 0x0000000100000000)
  region size 1024K, 15 young (15360K), 3 survivors (3072K)
 Metaspace       used 62532K, committed 62976K, reserved 1105920K
  class space    used 8489K, committed 8704K, reserved 1048576K
}
Event: 45.542 GC heap after
{Heap after GC invocations=31 (full 0):
 garbage-first heap   total 87040K, used 48735K [0x00000000c1c00000, 0x0000000100000000)
  region size 1024K, 2 young (2048K), 2 survivors (2048K)
 Metaspace       used 62532K, committed 62976K, reserved 1105920K
  class space    used 8489K, committed 8704K, reserved 1048576K
}
Event: 46.112 GC heap before
{Heap before GC invocations=32 (full 0):
 garbage-first heap   total 97280K, used 66143K [0x00000000c1c00000, 0x0000000100000000)
  region size 1024K, 18 young (18432K), 2 survivors (2048K)
 Metaspace       used 62537K, committed 62976K, reserved 1105920K
  class space    used 8489K, committed 8704K, reserved 1048576K
}
Event: 46.124 GC heap after
{Heap after GC invocations=33 (full 0):
 garbage-first heap   total 97280K, used 52670K [0x00000000c1c00000, 0x0000000100000000)
  region size 1024K, 3 young (3072K), 3 survivors (3072K)
 Metaspace       used 62537K, committed 62976K, reserved 1105920K
  class space    used 8489K, committed 8704K, reserved 1048576K
}
Event: 46.474 GC heap before
{Heap before GC invocations=33 (full 0):
 garbage-first heap   total 97280K, used 71102K [0x00000000c1c00000, 0x0000000100000000)
  region size 1024K, 22 young (22528K), 3 survivors (3072K)
 Metaspace       used 62560K, committed 63040K, reserved 1105920K
  class space    used 8489K, committed 8704K, reserved 1048576K
}
Event: 46.490 GC heap after
{Heap after GC invocations=34 (full 0):
 garbage-first heap   total 97280K, used 56959K [0x00000000c1c00000, 0x0000000100000000)
  region size 1024K, 3 young (3072K), 3 survivors (3072K)
 Metaspace       used 62560K, committed 63040K, reserved 1105920K
  class space    used 8489K, committed 8704K, reserved 1048576K
}
Event: 46.919 GC heap before
{Heap before GC invocations=35 (full 0):
 garbage-first heap   total 106496K, used 72319K [0x00000000c1c00000, 0x0000000100000000)
  region size 1024K, 20 young (20480K), 3 survivors (3072K)
 Metaspace       used 62615K, committed 63040K, reserved 1105920K
  class space    used 8489K, committed 8704K, reserved 1048576K
}
Event: 46.934 GC heap after
{Heap after GC invocations=36 (full 0):
 garbage-first heap   total 106496K, used 60609K [0x00000000c1c00000, 0x0000000100000000)
  region size 1024K, 3 young (3072K), 3 survivors (3072K)
 Metaspace       used 62615K, committed 63040K, reserved 1105920K
  class space    used 8489K, committed 8704K, reserved 1048576K
}
Event: 46.951 GC heap before
{Heap before GC invocations=36 (full 0):
 garbage-first heap   total 106496K, used 62657K [0x00000000c1c00000, 0x0000000100000000)
  region size 1024K, 5 young (5120K), 3 survivors (3072K)
 Metaspace       used 62615K, committed 63040K, reserved 1105920K
  class space    used 8489K, committed 8704K, reserved 1048576K
}
Event: 46.970 GC heap after
{Heap after GC invocations=37 (full 0):
 garbage-first heap   total 106496K, used 51230K [0x00000000c1c00000, 0x0000000100000000)
  region size 1024K, 1 young (1024K), 1 survivors (1024K)
 Metaspace       used 62615K, committed 63040K, reserved 1105920K
  class space    used 8489K, committed 8704K, reserved 1048576K
}
Event: 47.317 GC heap before
{Heap before GC invocations=37 (full 0):
 garbage-first heap   total 106496K, used 73758K [0x00000000c1c00000, 0x0000000100000000)
  region size 1024K, 24 young (24576K), 1 survivors (1024K)
 Metaspace       used 62615K, committed 63040K, reserved 1105920K
  class space    used 8489K, committed 8704K, reserved 1048576K
}

